# JRE version: OpenJDK Runtime Environment (8.0_181-b13) (build 1.8.0_181-8u181-b13-0ubuntu0.16.04.1-b13)
# Java VM: OpenJDK 64-Bit Server VM (25.181-b13 mixed mode linux-amd64 compressed oops)
Heap:
 def new generation   total 30976K, used 0K [0x00000000c0000000, 0x00000000c2190000, 0x00000000d5550000)
  eden space 27584K,   0% used [0x00000000c0000000, 0x00000000c0000000, 0x00000000c1af0000)
  from space 3392K,   0% used [0x00000000c1af0000, 0x00000000c1af0000, 0x00000000c1e40000)
  to   space 3392K,   0% used [0x00000000c1e40000, 0x00000000c1e40000, 0x00000000c2190000)
 tenured generation   total 85000K, used 75098K [0x00000000d5550000, 0x00000000da852000, 0x0000000100000000)
   the space 85000K,  88% used [0x00000000d5550000, 0x00000000d9ea6b98, 0x00000000d9ea6c00, 0x00000000da852000)
 Metaspace       used 72414K, capacity 73656K, committed 73816K, reserved 1112064K
  class space    used 10495K, capacity 10722K, committed 10840K, reserved 1048576K
GC Heap History (10 events):
Event: 30.612 GC heap after
Heap after GC invocations=214 (full 10):
 def new generation   total 30976K, used 222K [0x00000000c0000000, 0x00000000c2190000, 0x00000000d5550000)
  eden space 27584K,   0% used [0x00000000c0000000, 0x00000000c0000000, 0x00000000c1af0000)
  from space 3392K,   6% used [0x00000000c1e40000, 0x00000000c1e779c0, 0x00000000c2190000)
  to   space 3392K,   0% used [0x00000000c1af0000, 0x00000000c1af0000, 0x00000000c1e40000)
 tenured generation   total 68612K, used 63501K [0x00000000d5550000, 0x00000000d9851000, 0x0000000100000000)
   the space 68612K,  92% used [0x00000000d5550000, 0x00000000d93534c8, 0x00000000d9353600, 0x00000000d9851000)
 Metaspace       used 71987K, capacity 73176K, committed 73432K, reserved 1112064K
  class space    used 10484K, capacity 10706K, committed 10712K, reserved 1048576K
}
Event: 30.677 GC heap before
{Heap before GC invocations=214 (full 10):
 def new generation   total 30976K, used 27806K [0x00000000c0000000, 0x00000000c2190000, 0x00000000d5550000)
  eden space 27584K, 100% used [0x00000000c0000000, 0x00000000c1af0000, 0x00000000c1af0000)
  from space 3392K,   6% used [0x00000000c1e40000, 0x00000000c1e779c0, 0x00000000c2190000)
  to   space 3392K,   0% used [0x00000000c1af0000, 0x00000000c1af0000, 0x00000000c1e40000)
 tenured generation   total 68612K, used 63501K [0x00000000d5550000, 0x00000000d9851000, 0x0000000100000000)
   the space 68612K,  92% used [0x00000000d5550000, 0x00000000d93534c8, 0x00000000d9353600, 0x00000000d9851000)
 Metaspace       used 71992K, capacity 73176K, committed 73432K, reserved 1112064K
  class space    used 10484K, capacity 10706K, committed 10712K, reserved 1048576K
Event: 30.681 GC heap after
Heap after GC invocations=215 (full 10):
 def new generation   total 30976K, used 2675K [0x00000000c0000000, 0x00000000c2190000, 0x00000000d5550000)
  eden space 27584K,   0% used [0x00000000c0000000, 0x00000000c0000000, 0x00000000c1af0000)
  from space 3392K,  78% used [0x00000000c1af0000, 0x00000000c1d8cf18, 0x00000000c1e40000)
  to   space 3392K,   0% used [0x00000000c1e40000, 0x00000000c1e40000, 0x00000000c2190000)
 tenured generation   total 68612K, used 63501K [0x00000000d5550000, 0x00000000d9851000, 0x0000000100000000)
   the space 68612K,  92% used [0x00000000d5550000, 0x00000000d93534c8, 0x00000000d9353600, 0x00000000d9851000)
 Metaspace       used 71992K, capacity 73176K, committed 73432K, reserved 1112064K
  class space    used 10484K, capacity 10706K, committed 10712K, reserved 1048576K
}
Event: 30.718 GC heap before
{Heap before GC invocations=215 (full 10):
 def new generation   total 30976K, used 30259K [0x00000000c0000000, 0x00000000c2190000, 0x00000000d5550000)
  eden space 27584K, 100% used [0x00000000c0000000, 0x00000000c1af0000, 0x00000000c1af0000)
  from space 3392K,  78% used [0x00000000c1af0000, 0x00000000c1d8cf18, 0x00000000c1e40000)
  to   space 3392K,   0% used [0x00000000c1e40000, 0x00000000c1e40000, 0x00000000c2190000)
 tenured generation   total 68612K, used 63501K [0x00000000d5550000, 0x00000000d9851000, 0x0000000100000000)
   the space 68612K,  92% used [0x00000000d5550000, 0x00000000d93534c8, 0x00000000d9353600, 0x00000000d9851000)
 Metaspace       used 71993K, capacity 73176K, committed 73432K, reserved 1112064K
  class space    used 10484K, capacity 10706K, committed 10712K, reserved 1048576K
Event: 30.725 GC heap after
Heap after GC invocations=216 (full 10):
 def new generation   total 30976K, used 1K [0x00000000c0000000, 0x00000000c2190000, 0x00000000d5550000)
  eden space 27584K,   0% used [0x00000000c0000000, 0x00000000c0000000, 0x00000000c1af0000)
  from space 3392K,   0% used [0x00000000c1e40000, 0x00000000c1e40678, 0x00000000c2190000)
  to   space 3392K,   0% used [0x00000000c1af0000, 0x00000000c1af0000, 0x00000000c1e40000)
 tenured generation   total 68612K, used 66175K [0x00000000d5550000, 0x00000000d9851000, 0x0000000100000000)
   the space 68612K,  96% used [0x00000000d5550000, 0x00000000d95efcd0, 0x00000000d95efe00, 0x00000000d9851000)
 Metaspace       used 71993K, capacity 73176K, committed 73432K, reserved 1112064K
  class space    used 10484K, capacity 10706K, committed 10712K, reserved 1048576K
}
Event: 30.963 GC heap before
{Heap before GC invocations=216 (full 10):
 def new generation   total 30976K, used 27585K [0x00000000c0000000, 0x00000000c2190000, 0x00000000d5550000)
  eden space 27584K, 100% used [0x00000000c0000000, 0x00000000c1af0000, 0x00000000c1af0000)
  from space 3392K,   0% used [0x00000000c1e40000, 0x00000000c1e40678, 0x00000000c2190000)
  to   space 3392K,   0% used [0x00000000c1af0000, 0x00000000c1af0000, 0x00000000c1e40000)
 tenured generation   total 68612K, used 66175K [0x00000000d5550000, 0x00000000d9851000, 0x0000000100000000)
   the space 68612K,  96% used [0x00000000d5550000, 0x00000000d95efcd0, 0x00000000d95efe00, 0x00000000d9851000)
 Metaspace       used 72141K, capacity 73352K, committed 73560K, reserved 1112064K
  class space    used 10488K, capacity 10713K, committed 10840K, reserved 1048576K
Event: 30.967 GC heap after
Heap after GC invocations=217 (full 10):
 def new generation   total 30976K, used 1083K [0x00000000c0000000, 0x00000000c2190000, 0x00000000d5550000)
  eden space 27584K,   0% used [0x00000000c0000000, 0x00000000c0000000, 0x00000000c1af0000)
  from space 3392K,  31% used [0x00000000c1af0000, 0x00000000c1bfed50, 0x00000000c1e40000)
  to   space 3392K,   0% used [0x00000000c1e40000, 0x00000000c1e40000, 0x00000000c2190000)
 tenured generation   total 68612K, used 66175K [0x00000000d5550000, 0x00000000d9851000, 0x0000000100000000)
   the space 68612K,  96% used [0x00000000d5550000, 0x00000000d95efcd0, 0x00000000d95efe00, 0x00000000d9851000)
 Metaspace       used 72141K, capacity 73352K, committed 73560K, reserved 1112064K
  class space    used 10488K, capacity 10713K, committed 10840K, reserved 1048576K
}
Event: 31.253 GC heap before
{Heap before GC invocations=217 (full 10):
 def new generation   total 30976K, used 28667K [0x00000000c0000000, 0x00000000c2190000, 0x00000000d5550000)
  eden space 27584K, 100% used [0x00000000c0000000, 0x00000000c1af0000, 0x00000000c1af0000)
  from space 3392K,  31% used [0x00000000c1af0000, 0x00000000c1bfed50, 0x00000000c1e40000)
  to   space 3392K,   0% used [0x00000000c1e40000, 0x00000000c1e40000, 0x00000000c2190000)
 tenured generation   total 68612K, used 66175K [0x00000000d5550000, 0x00000000d9851000, 0x0000000100000000)
   the space 68612K,  96% used [0x00000000d5550000, 0x00000000d95efcd0, 0x00000000d95efe00, 0x00000000d9851000)
 Metaspace       used 72304K, capacity 73550K, committed 73816K, reserved 1112064K
  class space    used 10490K, capacity 10715K, committed 10840K, reserved 1048576K
Event: 31.258 GC heap after
Heap after GC invocations=218 (full 10):
 def new generation   total 30976K, used 1162K [0x00000000c0000000, 0x00000000c2190000, 0x00000000d5550000)
  eden space 27584K,   0% used [0x00000000c0000000, 0x00000000c0000000, 0x00000000c1af0000)
  from space 3392K,  34% used [0x00000000c1e40000, 0x00000000c1f628a8, 0x00000000c2190000)
  to   space 3392K,   0% used [0x00000000c1af0000, 0x00000000c1af0000, 0x00000000c1e40000)
 tenured generation   total 68612K, used 66175K [0x00000000d5550000, 0x00000000d9851000, 0x0000000100000000)
   the space 68612K,  96% used [0x00000000d5550000, 0x00000000d95efcd0, 0x00000000d95efe00, 0x00000000d9851000)
 Metaspace       used 72304K, capacity 73550K, committed 73816K, reserved 1112064K
  class space    used 10490K, capacity 10715K, committed 10840K, reserved 1048576K
}
Event: 31.384 GC heap before
{Heap before GC invocations=218 (full 10):
 def new generation   total 30976K, used 28746K [0x00000000c0000000, 0x00000000c2190000, 0x00000000d5550000)
  eden space 27584K, 100% used [0x00000000c0000000, 0x00000000c1af0000, 0x00000000c1af0000)
  from space 3392K,  34% used [0x00000000c1e40000, 0x00000000c1f628a8, 0x00000000c2190000)
  to   space 3392K,   0% used [0x00000000c1af0000, 0x00000000c1af0000, 0x00000000c1e40000)
 tenured generation   total 68612K, used 66175K [0x00000000d5550000, 0x00000000d9851000, 0x0000000100000000)
   the space 68612K,  96% used [0x00000000d5550000, 0x00000000d95efcd0, 0x00000000d95efe00, 0x00000000d9851000)
 Metaspace       used 72414K, capacity 73656K, committed 73816K, reserved 1112064K
  class space    used 10495K, capacity 10722K, committed 10840K, reserved 1048576K

