# JRE version: OpenJDK Runtime Environment (10.0.2+13) (build 10.0.2+13-Ubuntu-1ubuntu0.18.04.2)
# Java VM: OpenJDK 64-Bit Server VM (10.0.2+13-Ubuntu-1ubuntu0.18.04.2, mixed mode, tiered, compressed oops, serial gc, linux-amd64)
Heap:
 def new generation   total 16256K, used 3748K [0x00000000c0000000, 0x00000000c11a0000, 0x00000000d5550000)
  eden space 14464K,  25% used [0x00000000c0000000, 0x00000000c03a93e8, 0x00000000c0e20000)
  from space 1792K,   0% used [0x00000000c0e20000, 0x00000000c0e20000, 0x00000000c0fe0000)
  to   space 1792K,   0% used [0x00000000c0fe0000, 0x00000000c0fe0000, 0x00000000c11a0000)
 tenured generation   total 36032K, used 21617K [0x00000000d5550000, 0x00000000d7880000, 0x0000000100000000)
   the space 36032K,  59% used [0x00000000d5550000, 0x00000000d6a6c540, 0x00000000d6a6c600, 0x00000000d7880000)
 Metaspace       used 35389K, capacity 35776K, committed 36096K, reserved 1081344K
  class space    used 4335K, capacity 4528K, committed 4608K, reserved 1048576K
GC Heap History (10 events):
Event: 9.786 GC heap before
{Heap before GC invocations=13 (full 2):
 def new generation   total 13824K, used 13279K [0x00000000c0000000, 0x00000000c0f00000, 0x00000000d5550000)
  eden space 12288K, 100% used [0x00000000c0000000, 0x00000000c0c00000, 0x00000000c0c00000)
  from space 1536K,  64% used [0x00000000c0d80000, 0x00000000c0e77ca0, 0x00000000c0f00000)
  to   space 1536K,   0% used [0x00000000c0c00000, 0x00000000c0c00000, 0x00000000c0d80000)
 tenured generation   total 30648K, used 18387K [0x00000000d5550000, 0x00000000d733e000, 0x0000000100000000)
   the space 30648K,  59% used [0x00000000d5550000, 0x00000000d6744d20, 0x00000000d6744e00, 0x00000000d733e000)
 Metaspace       used 26190K, capacity 26575K, committed 27008K, reserved 1073152K
  class space    used 3167K, capacity 3366K, committed 3456K, reserved 1048576K
}
Event: 9.791 GC heap after
{Heap after GC invocations=14 (full 2):
 def new generation   total 13824K, used 367K [0x00000000c0000000, 0x00000000c0f00000, 0x00000000d5550000)
  eden space 12288K,   0% used [0x00000000c0000000, 0x00000000c0000000, 0x00000000c0c00000)
  from space 1536K,  23% used [0x00000000c0c00000, 0x00000000c0c5bc00, 0x00000000c0d80000)
  to   space 1536K,   0% used [0x00000000c0d80000, 0x00000000c0d80000, 0x00000000c0f00000)
 tenured generation   total 30648K, used 19373K [0x00000000d5550000, 0x00000000d733e000, 0x0000000100000000)
   the space 30648K,  63% used [0x00000000d5550000, 0x00000000d683b5c8, 0x00000000d683b600, 0x00000000d733e000)
 Metaspace       used 26190K, capacity 26575K, committed 27008K, reserved 1073152K
  class space    used 3167K, capacity 3366K, committed 3456K, reserved 1048576K
}
Event: 11.000 GC heap before
{Heap before GC invocations=14 (full 2):
 def new generation   total 13824K, used 12655K [0x00000000c0000000, 0x00000000c0f00000, 0x00000000d5550000)
  eden space 12288K, 100% used [0x00000000c0000000, 0x00000000c0c00000, 0x00000000c0c00000)
  from space 1536K,  23% used [0x00000000c0c00000, 0x00000000c0c5bc00, 0x00000000c0d80000)
  to   space 1536K,   0% used [0x00000000c0d80000, 0x00000000c0d80000, 0x00000000c0f00000)
 tenured generation   total 30648K, used 19373K [0x00000000d5550000, 0x00000000d733e000, 0x0000000100000000)
   the space 30648K,  63% used [0x00000000d5550000, 0x00000000d683b5c8, 0x00000000d683b600, 0x00000000d733e000)
 Metaspace       used 29109K, capacity 29474K, committed 29952K, reserved 1075200K
  class space    used 3573K, capacity 3753K, committed 3840K, reserved 1048576K
}
Event: 11.007 GC heap after
{Heap after GC invocations=15 (full 2):
 def new generation   total 13824K, used 834K [0x00000000c0000000, 0x00000000c0f00000, 0x00000000d5550000)
  eden space 12288K,   0% used [0x00000000c0000000, 0x00000000c0000000, 0x00000000c0c00000)
  from space 1536K,  54% used [0x00000000c0d80000, 0x00000000c0e50ac8, 0x00000000c0f00000)
  to   space 1536K,   0% used [0x00000000c0c00000, 0x00000000c0c00000, 0x00000000c0d80000)
 tenured generation   total 30648K, used 19373K [0x00000000d5550000, 0x00000000d733e000, 0x0000000100000000)
   the space 30648K,  63% used [0x00000000d5550000, 0x00000000d683b5c8, 0x00000000d683b600, 0x00000000d733e000)
 Metaspace       used 29109K, capacity 29474K, committed 29952K, reserved 1075200K
  class space    used 3573K, capacity 3753K, committed 3840K, reserved 1048576K
}
Event: 12.403 GC heap before
{Heap before GC invocations=15 (full 2):
 def new generation   total 13824K, used 13122K [0x00000000c0000000, 0x00000000c0f00000, 0x00000000d5550000)
  eden space 12288K, 100% used [0x00000000c0000000, 0x00000000c0c00000, 0x00000000c0c00000)
  from space 1536K,  54% used [0x00000000c0d80000, 0x00000000c0e50ac8, 0x00000000c0f00000)
  to   space 1536K,   0% used [0x00000000c0c00000, 0x00000000c0c00000, 0x00000000c0d80000)
 tenured generation   total 30648K, used 19373K [0x00000000d5550000, 0x00000000d733e000, 0x0000000100000000)
   the space 30648K,  63% used [0x00000000d5550000, 0x00000000d683b5c8, 0x00000000d683b600, 0x00000000d733e000)
 Metaspace       used 31138K, capacity 31516K, committed 32000K, reserved 1077248K
  class space    used 3808K, capacity 3983K, committed 4096K, reserved 1048576K
}
Event: 12.424 GC heap after
{Heap after GC invocations=16 (full 2):
 def new generation   total 13824K, used 1433K [0x00000000c0000000, 0x00000000c0f00000, 0x00000000d5550000)
  eden space 12288K,   0% used [0x00000000c0000000, 0x00000000c0000000, 0x00000000c0c00000)
  from space 1536K,  93% used [0x00000000c0c00000, 0x00000000c0d666d8, 0x00000000c0d80000)
  to   space 1536K,   0% used [0x00000000c0d80000, 0x00000000c0d80000, 0x00000000c0f00000)
 tenured generation   total 30648K, used 19736K [0x00000000d5550000, 0x00000000d733e000, 0x0000000100000000)
   the space 30648K,  64% used [0x00000000d5550000, 0x00000000d68962c0, 0x00000000d6896400, 0x00000000d733e000)
 Metaspace       used 31138K, capacity 31516K, committed 32000K, reserved 1077248K
  class space    used 3808K, capacity 3983K, committed 4096K, reserved 1048576K
}
Event: 13.955 GC heap before
{Heap before GC invocations=16 (full 2):
 def new generation   total 13824K, used 13721K [0x00000000c0000000, 0x00000000c0f00000, 0x00000000d5550000)
  eden space 12288K, 100% used [0x00000000c0000000, 0x00000000c0c00000, 0x00000000c0c00000)
  from space 1536K,  93% used [0x00000000c0c00000, 0x00000000c0d666d8, 0x00000000c0d80000)
  to   space 1536K,   0% used [0x00000000c0d80000, 0x00000000c0d80000, 0x00000000c0f00000)
 tenured generation   total 30648K, used 19736K [0x00000000d5550000, 0x00000000d733e000, 0x0000000100000000)
   the space 30648K,  64% used [0x00000000d5550000, 0x00000000d68962c0, 0x00000000d6896400, 0x00000000d733e000)
 Metaspace       used 33987K, capacity 34365K, committed 34816K, reserved 1079296K
  class space    used 4150K, capacity 4335K, committed 4352K, reserved 1048576K
}
Event: 14.002 GC heap after
{Heap after GC invocations=17 (full 2):
 def new generation   total 13824K, used 394K [0x00000000c0000000, 0x00000000c0f00000, 0x00000000d5550000)
  eden space 12288K,   0% used [0x00000000c0000000, 0x00000000c0000000, 0x00000000c0c00000)
  from space 1536K,  25% used [0x00000000c0d80000, 0x00000000c0de28d8, 0x00000000c0f00000)
  to   space 1536K,   0% used [0x00000000c0c00000, 0x00000000c0c00000, 0x00000000c0d80000)
 tenured generation   total 30648K, used 21163K [0x00000000d5550000, 0x00000000d733e000, 0x0000000100000000)
   the space 30648K,  69% used [0x00000000d5550000, 0x00000000d69fad58, 0x00000000d69fae00, 0x00000000d733e000)
 Metaspace       used 33987K, capacity 34365K, committed 34816K, reserved 1079296K
  class space    used 4150K, capacity 4335K, committed 4352K, reserved 1048576K
}
Event: 14.370 GC heap before
{Heap before GC invocations=17 (full 2):
 def new generation   total 13824K, used 6056K [0x00000000c0000000, 0x00000000c0f00000, 0x00000000d5550000)
  eden space 12288K,  46% used [0x00000000c0000000, 0x00000000c0587a88, 0x00000000c0c00000)
  from space 1536K,  25% used [0x00000000c0d80000, 0x00000000c0de28d8, 0x00000000c0f00000)
  to   space 1536K,   0% used [0x00000000c0c00000, 0x00000000c0c00000, 0x00000000c0d80000)
 tenured generation   total 30648K, used 21163K [0x00000000d5550000, 0x00000000d733e000, 0x0000000100000000)
   the space 30648K,  69% used [0x00000000d5550000, 0x00000000d69fad58, 0x00000000d69fae00, 0x00000000d733e000)
 Metaspace       used 34848K, capacity 35197K, committed 35456K, reserved 1081344K
  class space    used 4260K, capacity 4463K, committed 4480K, reserved 1048576K
}
Event: 14.465 GC heap after
{Heap after GC invocations=18 (full 3):
 def new generation   total 16256K, used 0K [0x00000000c0000000, 0x00000000c11a0000, 0x00000000d5550000)
  eden space 14464K,   0% used [0x00000000c0000000, 0x00000000c0000000, 0x00000000c0e20000)
  from space 1792K,   0% used [0x00000000c0e20000, 0x00000000c0e20000, 0x00000000c0fe0000)
  to   space 1792K,   0% used [0x00000000c0fe0000, 0x00000000c0fe0000, 0x00000000c11a0000)
 tenured generation   total 36032K, used 21617K [0x00000000d5550000, 0x00000000d7880000, 0x0000000100000000)
   the space 36032K,  59% used [0x00000000d5550000, 0x00000000d6a6c540, 0x00000000d6a6c600, 0x00000000d7880000)
 Metaspace       used 34848K, capacity 35197K, committed 35456K, reserved 1081344K
  class space    used 4260K, capacity 4463K, committed 4480K, reserved 1048576K
}

